{"uid":"a97b695e3e3bd170","name":"Test 04: Delete Student And Verify","fullName":"sanity.StudentListAPI.test04_deleteStudentAndVerify","historyId":"aa6e02405f5101462bc9fffeac0ae946","time":{"start":1676740714174,"stop":1676740714192,"duration":18},"description":"This Test Deletes a Student from StudentsList and Verify it","descriptionHtml":"<p>This Test Deletes a Student from StudentsList and Verify it</p>\n","status":"broken","statusMessage":"Failed to parse the JSON document","statusTrace":"io.restassured.path.json.exception.JsonPathException: Failed to parse the JSON document\r\n\tat io.restassured.path.json.JsonPath$ExceptionCatcher.invoke(JsonPath.java:986)\r\n\tat io.restassured.path.json.JsonPath$4.doParseWith(JsonPath.java:951)\r\n\tat io.restassured.path.json.JsonPath$JsonParser.parseWith(JsonPath.java:1031)\r\n\tat io.restassured.path.json.JsonPath.get(JsonPath.java:202)\r\n\tat extensions.APIActions.extractFromJSON(APIActions.java:20)\r\n\tat workflows.ApiFlows.getStudentsProperty(ApiFlows.java:14)\r\n\tat sanity.StudentListAPI.test04_deleteStudentAndVerify(StudentListAPI.java:43)\r\n\tat sun.reflect.NativeMethodAccessorImpl.invoke0(Native Method)\r\n\tat sun.reflect.NativeMethodAccessorImpl.invoke(NativeMethodAccessorImpl.java:62)\r\n\tat sun.reflect.DelegatingMethodAccessorImpl.invoke(DelegatingMethodAccessorImpl.java:43)\r\n\tat java.lang.reflect.Method.invoke(Method.java:498)\r\n\tat org.testng.internal.MethodInvocationHelper.invokeMethod(MethodInvocationHelper.java:133)\r\n\tat org.testng.internal.TestInvoker.invokeMethod(TestInvoker.java:584)\r\n\tat org.testng.internal.TestInvoker.invokeTestMethod(TestInvoker.java:172)\r\n\tat org.testng.internal.MethodRunner.runInSequence(MethodRunner.java:46)\r\n\tat org.testng.internal.TestInvoker$MethodInvocationAgent.invoke(TestInvoker.java:804)\r\n\tat org.testng.internal.TestInvoker.invokeTestMethods(TestInvoker.java:145)\r\n\tat org.testng.internal.TestMethodWorker.invokeTestMethods(TestMethodWorker.java:146)\r\n\tat org.testng.internal.TestMethodWorker.run(TestMethodWorker.java:128)\r\n\tat java.util.ArrayList.forEach(ArrayList.java:1257)\r\n\tat org.testng.TestRunner.privateRun(TestRunner.java:770)\r\n\tat org.testng.TestRunner.run(TestRunner.java:591)\r\n\tat org.testng.SuiteRunner.runTest(SuiteRunner.java:402)\r\n\tat org.testng.SuiteRunner.runSequentially(SuiteRunner.java:396)\r\n\tat org.testng.SuiteRunner.privateRun(SuiteRunner.java:355)\r\n\tat org.testng.SuiteRunner.run(SuiteRunner.java:304)\r\n\tat org.testng.SuiteRunnerWorker.runSuite(SuiteRunnerWorker.java:53)\r\n\tat org.testng.SuiteRunnerWorker.run(SuiteRunnerWorker.java:96)\r\n\tat org.testng.TestNG.runSuitesSequentially(TestNG.java:1180)\r\n\tat org.testng.TestNG.runSuitesLocally(TestNG.java:1102)\r\n\tat org.testng.TestNG.runSuites(TestNG.java:1032)\r\n\tat org.testng.TestNG.run(TestNG.java:1000)\r\n\tat org.apache.maven.surefire.testng.TestNGExecutor.run(TestNGExecutor.java:283)\r\n\tat org.apache.maven.surefire.testng.TestNGXmlTestSuite.execute(TestNGXmlTestSuite.java:75)\r\n\tat org.apache.maven.surefire.testng.TestNGProvider.invoke(TestNGProvider.java:120)\r\n\tat org.apache.maven.surefire.booter.ForkedBooter.invokeProviderInSameClassLoader(ForkedBooter.java:384)\r\n\tat org.apache.maven.surefire.booter.ForkedBooter.runSuitesInProcess(ForkedBooter.java:345)\r\n\tat org.apache.maven.surefire.booter.ForkedBooter.execute(ForkedBooter.java:126)\r\n\tat org.apache.maven.surefire.booter.ForkedBooter.main(ForkedBooter.java:418)\r\nCaused by: groovy.json.JsonException: Lexing failed on line: 1, column: 1, while reading '<', no possible valid JSON value or punctuation could be recognized.\r\n\tat groovy.json.JsonLexer.nextToken(JsonLexer.java:87)\r\n\tat groovy.json.JsonLexer$nextToken.call(Unknown Source)\r\n\tat io.restassured.internal.path.json.ConfigurableJsonSlurper.parse(ConfigurableJsonSlurper.groovy:97)\r\n\tat io.restassured.internal.path.json.ConfigurableJsonSlurper$parse.callCurrent(Unknown Source)\r\n\tat io.restassured.internal.path.json.ConfigurableJsonSlurper.parseText(ConfigurableJsonSlurper.groovy:83)\r\n\tat io.restassured.path.json.JsonPath$4$1.method(JsonPath.java:949)\r\n\tat io.restassured.path.json.JsonPath$ExceptionCatcher.invoke(JsonPath.java:984)\r\n\t... 38 more\r\n","flaky":false,"newFailed":false,"newBroken":false,"newPassed":false,"retriesCount":0,"retriesStatusChange":false,"beforeStages":[{"name":"startSession","time":{"start":1676740698600,"stop":1676740711722,"duration":13122},"description":"","status":"passed","steps":[],"attachments":[],"parameters":[],"stepsCount":0,"hasContent":false,"attachmentsCount":0,"shouldDisplayMessage":false},{"name":"beforeMethod","time":{"start":1676740714168,"stop":1676740714168,"duration":0},"description":"","status":"passed","steps":[],"attachments":[],"parameters":[],"stepsCount":0,"hasContent":false,"attachmentsCount":0,"shouldDisplayMessage":false}],"testStage":{"description":"This Test Deletes a Student from StudentsList and Verify it","status":"broken","statusMessage":"Failed to parse the JSON document","statusTrace":"io.restassured.path.json.exception.JsonPathException: Failed to parse the JSON document\r\n\tat io.restassured.path.json.JsonPath$ExceptionCatcher.invoke(JsonPath.java:986)\r\n\tat io.restassured.path.json.JsonPath$4.doParseWith(JsonPath.java:951)\r\n\tat io.restassured.path.json.JsonPath$JsonParser.parseWith(JsonPath.java:1031)\r\n\tat io.restassured.path.json.JsonPath.get(JsonPath.java:202)\r\n\tat extensions.APIActions.extractFromJSON(APIActions.java:20)\r\n\tat workflows.ApiFlows.getStudentsProperty(ApiFlows.java:14)\r\n\tat sanity.StudentListAPI.test04_deleteStudentAndVerify(StudentListAPI.java:43)\r\n\tat sun.reflect.NativeMethodAccessorImpl.invoke0(Native Method)\r\n\tat sun.reflect.NativeMethodAccessorImpl.invoke(NativeMethodAccessorImpl.java:62)\r\n\tat sun.reflect.DelegatingMethodAccessorImpl.invoke(DelegatingMethodAccessorImpl.java:43)\r\n\tat java.lang.reflect.Method.invoke(Method.java:498)\r\n\tat org.testng.internal.MethodInvocationHelper.invokeMethod(MethodInvocationHelper.java:133)\r\n\tat org.testng.internal.TestInvoker.invokeMethod(TestInvoker.java:584)\r\n\tat org.testng.internal.TestInvoker.invokeTestMethod(TestInvoker.java:172)\r\n\tat org.testng.internal.MethodRunner.runInSequence(MethodRunner.java:46)\r\n\tat org.testng.internal.TestInvoker$MethodInvocationAgent.invoke(TestInvoker.java:804)\r\n\tat org.testng.internal.TestInvoker.invokeTestMethods(TestInvoker.java:145)\r\n\tat org.testng.internal.TestMethodWorker.invokeTestMethods(TestMethodWorker.java:146)\r\n\tat org.testng.internal.TestMethodWorker.run(TestMethodWorker.java:128)\r\n\tat java.util.ArrayList.forEach(ArrayList.java:1257)\r\n\tat org.testng.TestRunner.privateRun(TestRunner.java:770)\r\n\tat org.testng.TestRunner.run(TestRunner.java:591)\r\n\tat org.testng.SuiteRunner.runTest(SuiteRunner.java:402)\r\n\tat org.testng.SuiteRunner.runSequentially(SuiteRunner.java:396)\r\n\tat org.testng.SuiteRunner.privateRun(SuiteRunner.java:355)\r\n\tat org.testng.SuiteRunner.run(SuiteRunner.java:304)\r\n\tat org.testng.SuiteRunnerWorker.runSuite(SuiteRunnerWorker.java:53)\r\n\tat org.testng.SuiteRunnerWorker.run(SuiteRunnerWorker.java:96)\r\n\tat org.testng.TestNG.runSuitesSequentially(TestNG.java:1180)\r\n\tat org.testng.TestNG.runSuitesLocally(TestNG.java:1102)\r\n\tat org.testng.TestNG.runSuites(TestNG.java:1032)\r\n\tat org.testng.TestNG.run(TestNG.java:1000)\r\n\tat org.apache.maven.surefire.testng.TestNGExecutor.run(TestNGExecutor.java:283)\r\n\tat org.apache.maven.surefire.testng.TestNGXmlTestSuite.execute(TestNGXmlTestSuite.java:75)\r\n\tat org.apache.maven.surefire.testng.TestNGProvider.invoke(TestNGProvider.java:120)\r\n\tat org.apache.maven.surefire.booter.ForkedBooter.invokeProviderInSameClassLoader(ForkedBooter.java:384)\r\n\tat org.apache.maven.surefire.booter.ForkedBooter.runSuitesInProcess(ForkedBooter.java:345)\r\n\tat org.apache.maven.surefire.booter.ForkedBooter.execute(ForkedBooter.java:126)\r\n\tat org.apache.maven.surefire.booter.ForkedBooter.main(ForkedBooter.java:418)\r\nCaused by: groovy.json.JsonException: Lexing failed on line: 1, column: 1, while reading '<', no possible valid JSON value or punctuation could be recognized.\r\n\tat groovy.json.JsonLexer.nextToken(JsonLexer.java:87)\r\n\tat groovy.json.JsonLexer$nextToken.call(Unknown Source)\r\n\tat io.restassured.internal.path.json.ConfigurableJsonSlurper.parse(ConfigurableJsonSlurper.groovy:97)\r\n\tat io.restassured.internal.path.json.ConfigurableJsonSlurper$parse.callCurrent(Unknown Source)\r\n\tat io.restassured.internal.path.json.ConfigurableJsonSlurper.parseText(ConfigurableJsonSlurper.groovy:83)\r\n\tat io.restassured.path.json.JsonPath$4$1.method(JsonPath.java:949)\r\n\tat io.restassured.path.json.JsonPath$ExceptionCatcher.invoke(JsonPath.java:984)\r\n\t... 38 more\r\n","steps":[{"name":"Business Flow: Get Students Property","time":{"start":1676740714174,"stop":1676740714192,"duration":18},"status":"broken","statusMessage":"Failed to parse the JSON document","statusTrace":"io.restassured.path.json.exception.JsonPathException: Failed to parse the JSON document\r\n\tat io.restassured.path.json.JsonPath$ExceptionCatcher.invoke(JsonPath.java:986)\r\n\tat io.restassured.path.json.JsonPath$4.doParseWith(JsonPath.java:951)\r\n\tat io.restassured.path.json.JsonPath$JsonParser.parseWith(JsonPath.java:1031)\r\n\tat io.restassured.path.json.JsonPath.get(JsonPath.java:202)\r\n\tat extensions.APIActions.extractFromJSON(APIActions.java:20)\r\n\tat workflows.ApiFlows.getStudentsProperty(ApiFlows.java:14)\r\n\tat sanity.StudentListAPI.test04_deleteStudentAndVerify(StudentListAPI.java:43)\r\n\tat sun.reflect.NativeMethodAccessorImpl.invoke0(Native Method)\r\n\tat sun.reflect.NativeMethodAccessorImpl.invoke(NativeMethodAccessorImpl.java:62)\r\n\tat sun.reflect.DelegatingMethodAccessorImpl.invoke(DelegatingMethodAccessorImpl.java:43)\r\n\tat java.lang.reflect.Method.invoke(Method.java:498)\r\n\tat org.testng.internal.MethodInvocationHelper.invokeMethod(MethodInvocationHelper.java:133)\r\n\tat org.testng.internal.TestInvoker.invokeMethod(TestInvoker.java:584)\r\n\tat org.testng.internal.TestInvoker.invokeTestMethod(TestInvoker.java:172)\r\n\tat org.testng.internal.MethodRunner.runInSequence(MethodRunner.java:46)\r\n\tat org.testng.internal.TestInvoker$MethodInvocationAgent.invoke(TestInvoker.java:804)\r\n\tat org.testng.internal.TestInvoker.invokeTestMethods(TestInvoker.java:145)\r\n\tat org.testng.internal.TestMethodWorker.invokeTestMethods(TestMethodWorker.java:146)\r\n\tat org.testng.internal.TestMethodWorker.run(TestMethodWorker.java:128)\r\n\tat java.util.ArrayList.forEach(ArrayList.java:1257)\r\n\tat org.testng.TestRunner.privateRun(TestRunner.java:770)\r\n\tat org.testng.TestRunner.run(TestRunner.java:591)\r\n\tat org.testng.SuiteRunner.runTest(SuiteRunner.java:402)\r\n\tat org.testng.SuiteRunner.runSequentially(SuiteRunner.java:396)\r\n\tat org.testng.SuiteRunner.privateRun(SuiteRunner.java:355)\r\n\tat org.testng.SuiteRunner.run(SuiteRunner.java:304)\r\n\tat org.testng.SuiteRunnerWorker.runSuite(SuiteRunnerWorker.java:53)\r\n\tat org.testng.SuiteRunnerWorker.run(SuiteRunnerWorker.java:96)\r\n\tat org.testng.TestNG.runSuitesSequentially(TestNG.java:1180)\r\n\tat org.testng.TestNG.runSuitesLocally(TestNG.java:1102)\r\n\tat org.testng.TestNG.runSuites(TestNG.java:1032)\r\n\tat org.testng.TestNG.run(TestNG.java:1000)\r\n\tat org.apache.maven.surefire.testng.TestNGExecutor.run(TestNGExecutor.java:283)\r\n\tat org.apache.maven.surefire.testng.TestNGXmlTestSuite.execute(TestNGXmlTestSuite.java:75)\r\n\tat org.apache.maven.surefire.testng.TestNGProvider.invoke(TestNGProvider.java:120)\r\n\tat org.apache.maven.surefire.booter.ForkedBooter.invokeProviderInSameClassLoader(ForkedBooter.java:384)\r\n\tat org.apache.maven.surefire.booter.ForkedBooter.runSuitesInProcess(ForkedBooter.java:345)\r\n\tat org.apache.maven.surefire.booter.ForkedBooter.execute(ForkedBooter.java:126)\r\n\tat org.apache.maven.surefire.booter.ForkedBooter.main(ForkedBooter.java:418)\r\nCaused by: groovy.json.JsonException: Lexing failed on line: 1, column: 1, while reading '<', no possible valid JSON value or punctuation could be recognized.\r\n\tat groovy.json.JsonLexer.nextToken(JsonLexer.java:87)\r\n\tat groovy.json.JsonLexer$nextToken.call(Unknown Source)\r\n\tat io.restassured.internal.path.json.ConfigurableJsonSlurper.parse(ConfigurableJsonSlurper.groovy:97)\r\n\tat io.restassured.internal.path.json.ConfigurableJsonSlurper$parse.callCurrent(Unknown Source)\r\n\tat io.restassured.internal.path.json.ConfigurableJsonSlurper.parseText(ConfigurableJsonSlurper.groovy:83)\r\n\tat io.restassured.path.json.JsonPath$4$1.method(JsonPath.java:949)\r\n\tat io.restassured.path.json.JsonPath$ExceptionCatcher.invoke(JsonPath.java:984)\r\n\t... 38 more\r\n","steps":[{"name":"Get Data From Server","time":{"start":1676740714175,"stop":1676740714191,"duration":16},"status":"passed","steps":[],"attachments":[],"parameters":[{"name":"paramValues","value":"/student/list"}],"stepsCount":0,"hasContent":true,"attachmentsCount":0,"shouldDisplayMessage":false},{"name":"Extract Value From JSON Format","time":{"start":1676740714191,"stop":1676740714191,"duration":0},"status":"broken","statusMessage":"Failed to parse the JSON document","statusTrace":"io.restassured.path.json.exception.JsonPathException: Failed to parse the JSON document\r\n\tat io.restassured.path.json.JsonPath$ExceptionCatcher.invoke(JsonPath.java:986)\r\n\tat io.restassured.path.json.JsonPath$4.doParseWith(JsonPath.java:951)\r\n\tat io.restassured.path.json.JsonPath$JsonParser.parseWith(JsonPath.java:1031)\r\n\tat io.restassured.path.json.JsonPath.get(JsonPath.java:202)\r\n\tat extensions.APIActions.extractFromJSON(APIActions.java:20)\r\n\tat workflows.ApiFlows.getStudentsProperty(ApiFlows.java:14)\r\n\tat sanity.StudentListAPI.test04_deleteStudentAndVerify(StudentListAPI.java:43)\r\n\tat sun.reflect.NativeMethodAccessorImpl.invoke0(Native Method)\r\n\tat sun.reflect.NativeMethodAccessorImpl.invoke(NativeMethodAccessorImpl.java:62)\r\n\tat sun.reflect.DelegatingMethodAccessorImpl.invoke(DelegatingMethodAccessorImpl.java:43)\r\n\tat java.lang.reflect.Method.invoke(Method.java:498)\r\n\tat org.testng.internal.MethodInvocationHelper.invokeMethod(MethodInvocationHelper.java:133)\r\n\tat org.testng.internal.TestInvoker.invokeMethod(TestInvoker.java:584)\r\n\tat org.testng.internal.TestInvoker.invokeTestMethod(TestInvoker.java:172)\r\n\tat org.testng.internal.MethodRunner.runInSequence(MethodRunner.java:46)\r\n\tat org.testng.internal.TestInvoker$MethodInvocationAgent.invoke(TestInvoker.java:804)\r\n\tat org.testng.internal.TestInvoker.invokeTestMethods(TestInvoker.java:145)\r\n\tat org.testng.internal.TestMethodWorker.invokeTestMethods(TestMethodWorker.java:146)\r\n\tat org.testng.internal.TestMethodWorker.run(TestMethodWorker.java:128)\r\n\tat java.util.ArrayList.forEach(ArrayList.java:1257)\r\n\tat org.testng.TestRunner.privateRun(TestRunner.java:770)\r\n\tat org.testng.TestRunner.run(TestRunner.java:591)\r\n\tat org.testng.SuiteRunner.runTest(SuiteRunner.java:402)\r\n\tat org.testng.SuiteRunner.runSequentially(SuiteRunner.java:396)\r\n\tat org.testng.SuiteRunner.privateRun(SuiteRunner.java:355)\r\n\tat org.testng.SuiteRunner.run(SuiteRunner.java:304)\r\n\tat org.testng.SuiteRunnerWorker.runSuite(SuiteRunnerWorker.java:53)\r\n\tat org.testng.SuiteRunnerWorker.run(SuiteRunnerWorker.java:96)\r\n\tat org.testng.TestNG.runSuitesSequentially(TestNG.java:1180)\r\n\tat org.testng.TestNG.runSuitesLocally(TestNG.java:1102)\r\n\tat org.testng.TestNG.runSuites(TestNG.java:1032)\r\n\tat org.testng.TestNG.run(TestNG.java:1000)\r\n\tat org.apache.maven.surefire.testng.TestNGExecutor.run(TestNGExecutor.java:283)\r\n\tat org.apache.maven.surefire.testng.TestNGXmlTestSuite.execute(TestNGXmlTestSuite.java:75)\r\n\tat org.apache.maven.surefire.testng.TestNGProvider.invoke(TestNGProvider.java:120)\r\n\tat org.apache.maven.surefire.booter.ForkedBooter.invokeProviderInSameClassLoader(ForkedBooter.java:384)\r\n\tat org.apache.maven.surefire.booter.ForkedBooter.runSuitesInProcess(ForkedBooter.java:345)\r\n\tat org.apache.maven.surefire.booter.ForkedBooter.execute(ForkedBooter.java:126)\r\n\tat org.apache.maven.surefire.booter.ForkedBooter.main(ForkedBooter.java:418)\r\nCaused by: groovy.json.JsonException: Lexing failed on line: 1, column: 1, while reading '<', no possible valid JSON value or punctuation could be recognized.\r\n\tat groovy.json.JsonLexer.nextToken(JsonLexer.java:87)\r\n\tat groovy.json.JsonLexer$nextToken.call(Unknown Source)\r\n\tat io.restassured.internal.path.json.ConfigurableJsonSlurper.parse(ConfigurableJsonSlurper.groovy:97)\r\n\tat io.restassured.internal.path.json.ConfigurableJsonSlurper$parse.callCurrent(Unknown Source)\r\n\tat io.restassured.internal.path.json.ConfigurableJsonSlurper.parseText(ConfigurableJsonSlurper.groovy:83)\r\n\tat io.restassured.path.json.JsonPath$4$1.method(JsonPath.java:949)\r\n\tat io.restassured.path.json.JsonPath$ExceptionCatcher.invoke(JsonPath.java:984)\r\n\t... 38 more\r\n","steps":[],"attachments":[],"parameters":[{"name":"response","value":"io.restassured.internal.RestAssuredResponseImpl@5d800a56"},{"name":"path","value":"[0].id"}],"stepsCount":0,"hasContent":true,"attachmentsCount":0,"shouldDisplayMessage":true}],"attachments":[],"parameters":[{"name":"jPath","value":"[0].id"}],"stepsCount":2,"hasContent":true,"attachmentsCount":0,"shouldDisplayMessage":false}],"attachments":[],"parameters":[],"stepsCount":3,"hasContent":true,"attachmentsCount":0,"shouldDisplayMessage":false},"afterStages":[{"name":"afterMethod","time":{"start":1676740714200,"stop":1676740714200,"duration":0},"description":"","status":"passed","steps":[],"attachments":[],"parameters":[],"stepsCount":0,"hasContent":false,"attachmentsCount":0,"shouldDisplayMessage":false},{"name":"closeSession","time":{"start":1676740714203,"stop":1676740714218,"duration":15},"description":"","status":"passed","steps":[],"attachments":[],"parameters":[],"stepsCount":0,"hasContent":false,"attachmentsCount":0,"shouldDisplayMessage":false}],"labels":[{"name":"package","value":"sanity.StudentListAPI"},{"name":"testClass","value":"sanity.StudentListAPI"},{"name":"testMethod","value":"test04_deleteStudentAndVerify"},{"name":"parentSuite","value":"Web Suite"},{"name":"suite","value":"Web Tests"},{"name":"subSuite","value":"sanity.StudentListAPI"},{"name":"host","value":"DESKTOP-NGJMG1T"},{"name":"thread","value":"17960@DESKTOP-NGJMG1T.main(1)"},{"name":"framework","value":"testng"},{"name":"language","value":"java"},{"name":"resultFormat","value":"allure2"}],"parameters":[{"name":"PlatformName","value":"api"}],"links":[],"hidden":true,"retry":true,"extra":{"categories":[],"tags":[]},"source":"a97b695e3e3bd170.json","parameterValues":["api"]}