{"uid":"e9a565a3323dee5c","name":"Test 03: Update Student And Verify","fullName":"sanity.StudentListAPI.test03_updateStudentAndVerify","historyId":"7dd7a014fc4860244f50c2bda3a9846","time":{"start":1676750271726,"stop":1676750271927,"duration":201},"description":"This Test Updates a Student in StudentsList and Verify it","descriptionHtml":"<p>This Test Updates a Student in StudentsList and Verify it</p>\n","status":"failed","statusMessage":"expected [HarperNew] but found [Craig]","statusTrace":"java.lang.AssertionError: expected [HarperNew] but found [Craig]\r\n\tat org.testng.Assert.fail(Assert.java:97)\r\n\tat org.testng.Assert.assertEqualsImpl(Assert.java:136)\r\n\tat org.testng.Assert.assertEquals(Assert.java:118)\r\n\tat org.testng.Assert.assertEquals(Assert.java:575)\r\n\tat org.testng.Assert.assertEquals(Assert.java:585)\r\n\tat extensions.Verifications.verifyText(Verifications.java:78)\r\n\tat sanity.StudentListAPI.test03_updateStudentAndVerify(StudentListAPI.java:37)\r\n\tat sun.reflect.NativeMethodAccessorImpl.invoke0(Native Method)\r\n\tat sun.reflect.NativeMethodAccessorImpl.invoke(NativeMethodAccessorImpl.java:62)\r\n\tat sun.reflect.DelegatingMethodAccessorImpl.invoke(DelegatingMethodAccessorImpl.java:43)\r\n\tat java.lang.reflect.Method.invoke(Method.java:498)\r\n\tat org.testng.internal.MethodInvocationHelper.invokeMethod(MethodInvocationHelper.java:133)\r\n\tat org.testng.internal.TestInvoker.invokeMethod(TestInvoker.java:584)\r\n\tat org.testng.internal.TestInvoker.invokeTestMethod(TestInvoker.java:172)\r\n\tat org.testng.internal.MethodRunner.runInSequence(MethodRunner.java:46)\r\n\tat org.testng.internal.TestInvoker$MethodInvocationAgent.invoke(TestInvoker.java:804)\r\n\tat org.testng.internal.TestInvoker.invokeTestMethods(TestInvoker.java:145)\r\n\tat org.testng.internal.TestMethodWorker.invokeTestMethods(TestMethodWorker.java:146)\r\n\tat org.testng.internal.TestMethodWorker.run(TestMethodWorker.java:128)\r\n\tat java.util.ArrayList.forEach(ArrayList.java:1257)\r\n\tat org.testng.TestRunner.privateRun(TestRunner.java:770)\r\n\tat org.testng.TestRunner.run(TestRunner.java:591)\r\n\tat org.testng.SuiteRunner.runTest(SuiteRunner.java:402)\r\n\tat org.testng.SuiteRunner.runSequentially(SuiteRunner.java:396)\r\n\tat org.testng.SuiteRunner.privateRun(SuiteRunner.java:355)\r\n\tat org.testng.SuiteRunner.run(SuiteRunner.java:304)\r\n\tat org.testng.SuiteRunnerWorker.runSuite(SuiteRunnerWorker.java:53)\r\n\tat org.testng.SuiteRunnerWorker.run(SuiteRunnerWorker.java:96)\r\n\tat org.testng.TestNG.runSuitesSequentially(TestNG.java:1180)\r\n\tat org.testng.TestNG.runSuitesLocally(TestNG.java:1102)\r\n\tat org.testng.TestNG.runSuites(TestNG.java:1032)\r\n\tat org.testng.TestNG.run(TestNG.java:1000)\r\n\tat org.apache.maven.surefire.testng.TestNGExecutor.run(TestNGExecutor.java:283)\r\n\tat org.apache.maven.surefire.testng.TestNGXmlTestSuite.execute(TestNGXmlTestSuite.java:75)\r\n\tat org.apache.maven.surefire.testng.TestNGProvider.invoke(TestNGProvider.java:120)\r\n\tat org.apache.maven.surefire.booter.ForkedBooter.invokeProviderInSameClassLoader(ForkedBooter.java:384)\r\n\tat org.apache.maven.surefire.booter.ForkedBooter.runSuitesInProcess(ForkedBooter.java:345)\r\n\tat org.apache.maven.surefire.booter.ForkedBooter.execute(ForkedBooter.java:126)\r\n\tat org.apache.maven.surefire.booter.ForkedBooter.main(ForkedBooter.java:418)\r\n","flaky":true,"newFailed":false,"newBroken":false,"newPassed":false,"retriesCount":0,"retriesStatusChange":false,"beforeStages":[{"name":"startSession","time":{"start":1676750255662,"stop":1676750268839,"duration":13177},"description":"","status":"passed","steps":[],"attachments":[],"parameters":[],"stepsCount":0,"hasContent":false,"shouldDisplayMessage":false,"attachmentsCount":0},{"name":"beforeMethod","time":{"start":1676750271721,"stop":1676750271721,"duration":0},"description":"","status":"passed","steps":[],"attachments":[],"parameters":[],"stepsCount":0,"hasContent":false,"shouldDisplayMessage":false,"attachmentsCount":0}],"testStage":{"description":"This Test Updates a Student in StudentsList and Verify it","status":"failed","statusMessage":"expected [HarperNew] but found [Craig]","statusTrace":"java.lang.AssertionError: expected [HarperNew] but found [Craig]\r\n\tat org.testng.Assert.fail(Assert.java:97)\r\n\tat org.testng.Assert.assertEqualsImpl(Assert.java:136)\r\n\tat org.testng.Assert.assertEquals(Assert.java:118)\r\n\tat org.testng.Assert.assertEquals(Assert.java:575)\r\n\tat org.testng.Assert.assertEquals(Assert.java:585)\r\n\tat extensions.Verifications.verifyText(Verifications.java:78)\r\n\tat sanity.StudentListAPI.test03_updateStudentAndVerify(StudentListAPI.java:37)\r\n\tat sun.reflect.NativeMethodAccessorImpl.invoke0(Native Method)\r\n\tat sun.reflect.NativeMethodAccessorImpl.invoke(NativeMethodAccessorImpl.java:62)\r\n\tat sun.reflect.DelegatingMethodAccessorImpl.invoke(DelegatingMethodAccessorImpl.java:43)\r\n\tat java.lang.reflect.Method.invoke(Method.java:498)\r\n\tat org.testng.internal.MethodInvocationHelper.invokeMethod(MethodInvocationHelper.java:133)\r\n\tat org.testng.internal.TestInvoker.invokeMethod(TestInvoker.java:584)\r\n\tat org.testng.internal.TestInvoker.invokeTestMethod(TestInvoker.java:172)\r\n\tat org.testng.internal.MethodRunner.runInSequence(MethodRunner.java:46)\r\n\tat org.testng.internal.TestInvoker$MethodInvocationAgent.invoke(TestInvoker.java:804)\r\n\tat org.testng.internal.TestInvoker.invokeTestMethods(TestInvoker.java:145)\r\n\tat org.testng.internal.TestMethodWorker.invokeTestMethods(TestMethodWorker.java:146)\r\n\tat org.testng.internal.TestMethodWorker.run(TestMethodWorker.java:128)\r\n\tat java.util.ArrayList.forEach(ArrayList.java:1257)\r\n\tat org.testng.TestRunner.privateRun(TestRunner.java:770)\r\n\tat org.testng.TestRunner.run(TestRunner.java:591)\r\n\tat org.testng.SuiteRunner.runTest(SuiteRunner.java:402)\r\n\tat org.testng.SuiteRunner.runSequentially(SuiteRunner.java:396)\r\n\tat org.testng.SuiteRunner.privateRun(SuiteRunner.java:355)\r\n\tat org.testng.SuiteRunner.run(SuiteRunner.java:304)\r\n\tat org.testng.SuiteRunnerWorker.runSuite(SuiteRunnerWorker.java:53)\r\n\tat org.testng.SuiteRunnerWorker.run(SuiteRunnerWorker.java:96)\r\n\tat org.testng.TestNG.runSuitesSequentially(TestNG.java:1180)\r\n\tat org.testng.TestNG.runSuitesLocally(TestNG.java:1102)\r\n\tat org.testng.TestNG.runSuites(TestNG.java:1032)\r\n\tat org.testng.TestNG.run(TestNG.java:1000)\r\n\tat org.apache.maven.surefire.testng.TestNGExecutor.run(TestNGExecutor.java:283)\r\n\tat org.apache.maven.surefire.testng.TestNGXmlTestSuite.execute(TestNGXmlTestSuite.java:75)\r\n\tat org.apache.maven.surefire.testng.TestNGProvider.invoke(TestNGProvider.java:120)\r\n\tat org.apache.maven.surefire.booter.ForkedBooter.invokeProviderInSameClassLoader(ForkedBooter.java:384)\r\n\tat org.apache.maven.surefire.booter.ForkedBooter.runSuitesInProcess(ForkedBooter.java:345)\r\n\tat org.apache.maven.surefire.booter.ForkedBooter.execute(ForkedBooter.java:126)\r\n\tat org.apache.maven.surefire.booter.ForkedBooter.main(ForkedBooter.java:418)\r\n","steps":[{"name":"Business Flow: Get Students Property","time":{"start":1676750271727,"stop":1676750271816,"duration":89},"status":"passed","steps":[{"name":"Get Data From Server","time":{"start":1676750271727,"stop":1676750271771,"duration":44},"status":"passed","steps":[],"attachments":[],"parameters":[{"name":"paramValues","value":"/student/list"}],"stepsCount":0,"hasContent":true,"shouldDisplayMessage":false,"attachmentsCount":0},{"name":"Extract Value From JSON Format","time":{"start":1676750271772,"stop":1676750271816,"duration":44},"status":"passed","steps":[],"attachments":[],"parameters":[{"name":"response","value":"io.restassured.internal.RestAssuredResponseImpl@1791e231"},{"name":"path","value":"[2].id"}],"stepsCount":0,"hasContent":true,"shouldDisplayMessage":false,"attachmentsCount":0}],"attachments":[],"parameters":[{"name":"jPath","value":"[2].id"}],"stepsCount":2,"hasContent":true,"shouldDisplayMessage":false,"attachmentsCount":0},{"name":"Business Flow: Update Existing Student in StudentsList","time":{"start":1676750271816,"stop":1676750271853,"duration":37},"status":"passed","steps":[{"name":"Update Data in Server","time":{"start":1676750271817,"stop":1676750271853,"duration":36},"status":"passed","steps":[],"attachments":[],"parameters":[{"name":"params","value":"{\"firstName\":\"New\",\"lastName\":\"HarperNew\",\"courses\":[\"Calculus\",\"Algorithms\",\"Software Development\"],\"programme\":\"Computer Science\",\"email\":\"vernon.new@gmail.com\"}"},{"name":"resource","value":"/student/5"}],"stepsCount":0,"hasContent":true,"shouldDisplayMessage":false,"attachmentsCount":0}],"attachments":[],"parameters":[{"name":"id","value":"5"},{"name":"first_name","value":"New"},{"name":"last_name","value":"HarperNew"},{"name":"email","value":"vernon.new@gmail.com"},{"name":"programme","value":"Computer Science"},{"name":"course1","value":"Calculus"},{"name":"course2","value":"Algorithms"},{"name":"course3","value":"Software Development"}],"stepsCount":1,"hasContent":true,"shouldDisplayMessage":false,"attachmentsCount":0},{"name":"Business Flow: Get Students Property","time":{"start":1676750271853,"stop":1676750271926,"duration":73},"status":"passed","steps":[{"name":"Get Data From Server","time":{"start":1676750271853,"stop":1676750271891,"duration":38},"status":"passed","steps":[],"attachments":[],"parameters":[{"name":"paramValues","value":"/student/list"}],"stepsCount":0,"hasContent":true,"shouldDisplayMessage":false,"attachmentsCount":0},{"name":"Extract Value From JSON Format","time":{"start":1676750271891,"stop":1676750271926,"duration":35},"status":"passed","steps":[],"attachments":[],"parameters":[{"name":"response","value":"io.restassured.internal.RestAssuredResponseImpl@c6c84fa"},{"name":"path","value":"[2].lastName"}],"stepsCount":0,"hasContent":true,"shouldDisplayMessage":false,"attachmentsCount":0}],"attachments":[],"parameters":[{"name":"jPath","value":"[2].lastName"}],"stepsCount":2,"hasContent":true,"shouldDisplayMessage":false,"attachmentsCount":0},{"name":"Verify Text with Text","time":{"start":1676750271926,"stop":1676750271926,"duration":0},"status":"failed","statusMessage":"expected [HarperNew] but found [Craig]","statusTrace":"java.lang.AssertionError: expected [HarperNew] but found [Craig]\r\n\tat org.testng.Assert.fail(Assert.java:97)\r\n\tat org.testng.Assert.assertEqualsImpl(Assert.java:136)\r\n\tat org.testng.Assert.assertEquals(Assert.java:118)\r\n\tat org.testng.Assert.assertEquals(Assert.java:575)\r\n\tat org.testng.Assert.assertEquals(Assert.java:585)\r\n\tat extensions.Verifications.verifyText(Verifications.java:78)\r\n\tat sanity.StudentListAPI.test03_updateStudentAndVerify(StudentListAPI.java:37)\r\n\tat sun.reflect.NativeMethodAccessorImpl.invoke0(Native Method)\r\n\tat sun.reflect.NativeMethodAccessorImpl.invoke(NativeMethodAccessorImpl.java:62)\r\n\tat sun.reflect.DelegatingMethodAccessorImpl.invoke(DelegatingMethodAccessorImpl.java:43)\r\n\tat java.lang.reflect.Method.invoke(Method.java:498)\r\n\tat org.testng.internal.MethodInvocationHelper.invokeMethod(MethodInvocationHelper.java:133)\r\n\tat org.testng.internal.TestInvoker.invokeMethod(TestInvoker.java:584)\r\n\tat org.testng.internal.TestInvoker.invokeTestMethod(TestInvoker.java:172)\r\n\tat org.testng.internal.MethodRunner.runInSequence(MethodRunner.java:46)\r\n\tat org.testng.internal.TestInvoker$MethodInvocationAgent.invoke(TestInvoker.java:804)\r\n\tat org.testng.internal.TestInvoker.invokeTestMethods(TestInvoker.java:145)\r\n\tat org.testng.internal.TestMethodWorker.invokeTestMethods(TestMethodWorker.java:146)\r\n\tat org.testng.internal.TestMethodWorker.run(TestMethodWorker.java:128)\r\n\tat java.util.ArrayList.forEach(ArrayList.java:1257)\r\n\tat org.testng.TestRunner.privateRun(TestRunner.java:770)\r\n\tat org.testng.TestRunner.run(TestRunner.java:591)\r\n\tat org.testng.SuiteRunner.runTest(SuiteRunner.java:402)\r\n\tat org.testng.SuiteRunner.runSequentially(SuiteRunner.java:396)\r\n\tat org.testng.SuiteRunner.privateRun(SuiteRunner.java:355)\r\n\tat org.testng.SuiteRunner.run(SuiteRunner.java:304)\r\n\tat org.testng.SuiteRunnerWorker.runSuite(SuiteRunnerWorker.java:53)\r\n\tat org.testng.SuiteRunnerWorker.run(SuiteRunnerWorker.java:96)\r\n\tat org.testng.TestNG.runSuitesSequentially(TestNG.java:1180)\r\n\tat org.testng.TestNG.runSuitesLocally(TestNG.java:1102)\r\n\tat org.testng.TestNG.runSuites(TestNG.java:1032)\r\n\tat org.testng.TestNG.run(TestNG.java:1000)\r\n\tat org.apache.maven.surefire.testng.TestNGExecutor.run(TestNGExecutor.java:283)\r\n\tat org.apache.maven.surefire.testng.TestNGXmlTestSuite.execute(TestNGXmlTestSuite.java:75)\r\n\tat org.apache.maven.surefire.testng.TestNGProvider.invoke(TestNGProvider.java:120)\r\n\tat org.apache.maven.surefire.booter.ForkedBooter.invokeProviderInSameClassLoader(ForkedBooter.java:384)\r\n\tat org.apache.maven.surefire.booter.ForkedBooter.runSuitesInProcess(ForkedBooter.java:345)\r\n\tat org.apache.maven.surefire.booter.ForkedBooter.execute(ForkedBooter.java:126)\r\n\tat org.apache.maven.surefire.booter.ForkedBooter.main(ForkedBooter.java:418)\r\n","steps":[],"attachments":[],"parameters":[{"name":"actual","value":"Craig"},{"name":"expected","value":"HarperNew"}],"stepsCount":0,"hasContent":true,"shouldDisplayMessage":true,"attachmentsCount":0}],"attachments":[],"parameters":[],"stepsCount":9,"hasContent":true,"shouldDisplayMessage":false,"attachmentsCount":0},"afterStages":[{"name":"afterMethod","time":{"start":1676750271934,"stop":1676750271934,"duration":0},"description":"","status":"passed","steps":[],"attachments":[],"parameters":[],"stepsCount":0,"hasContent":false,"shouldDisplayMessage":false,"attachmentsCount":0},{"name":"closeSession","time":{"start":1676750272126,"stop":1676750272139,"duration":13},"description":"","status":"passed","steps":[],"attachments":[],"parameters":[],"stepsCount":0,"hasContent":false,"shouldDisplayMessage":false,"attachmentsCount":0}],"labels":[{"name":"package","value":"sanity.StudentListAPI"},{"name":"testClass","value":"sanity.StudentListAPI"},{"name":"testMethod","value":"test03_updateStudentAndVerify"},{"name":"parentSuite","value":"Web Suite"},{"name":"suite","value":"Web Tests"},{"name":"subSuite","value":"sanity.StudentListAPI"},{"name":"host","value":"DESKTOP-NGJMG1T"},{"name":"thread","value":"20268@DESKTOP-NGJMG1T.main(1)"},{"name":"framework","value":"testng"},{"name":"language","value":"java"},{"name":"resultFormat","value":"allure2"}],"parameters":[{"name":"PlatformName","value":"api"}],"links":[],"hidden":false,"retry":false,"extra":{"severity":"normal","retries":[],"categories":[{"name":"Product defects","matchedStatuses":[],"flaky":false}],"history":{"statistic":{"failed":3,"broken":5,"skipped":0,"passed":2,"unknown":0,"total":10},"items":[{"uid":"1d70bfd1978d2d75","reportUrl":"http://localhost:8080/job/Sanity%20Tests%20API/12/allure/#testresult/1d70bfd1978d2d75","status":"failed","statusDetails":"expected [HarperNew] but found [Armando]","time":{"start":1676750181254,"stop":1676750181456,"duration":202}},{"uid":"aa759c0f18e320c7","reportUrl":"http://localhost:8080/job/Sanity%20Tests%20API/11/allure/#testresult/aa759c0f18e320c7","status":"passed","time":{"start":1676750050591,"stop":1676750050807,"duration":216}},{"uid":"2687b991e2b0b7bb","reportUrl":"http://localhost:8080/job/Sanity%20Tests%20API/10/allure/#testresult/2687b991e2b0b7bb","status":"failed","statusDetails":"expected [HarperNew] but found [Grant]","time":{"start":1676747544206,"stop":1676747544406,"duration":200}},{"uid":"30569f65e21fca4","reportUrl":"http://localhost:8080/job/Sanity%20Tests%20API/6/allure/#testresult/30569f65e21fca4","status":"passed","time":{"start":1676741293900,"stop":1676741294144,"duration":244}},{"uid":"ba4a0b31ed1d3be7","reportUrl":"http://localhost:8080/job/Sanity%20Tests%20API/5/allure/#testresult/ba4a0b31ed1d3be7","status":"broken","statusDetails":"Failed to parse the JSON document","time":{"start":1676740714142,"stop":1676740714161,"duration":19}},{"uid":"1e3d28d63271d10b","reportUrl":"http://localhost:8080/job/Sanity%20Tests%20API/4/allure/#testresult/1e3d28d63271d10b","status":"broken","statusDetails":"Failed to parse the JSON document","time":{"start":1676740540295,"stop":1676740540313,"duration":18}},{"uid":"a951d5a638195600","reportUrl":"http://localhost:8080/job/Sanity%20Tests%20API/3/allure/#testresult/a951d5a638195600","status":"broken","statusDetails":"Connection refused: connect","time":{"start":1676213336476,"stop":1676213340593,"duration":4117}},{"uid":"61a389679a670a79","reportUrl":"http://localhost:8080/job/Sanity%20Tests%20API/2/allure/#testresult/61a389679a670a79","status":"broken","statusDetails":"Connection refused: connect","time":{"start":1675707724308,"stop":1675707728416,"duration":4108}},{"uid":"35cb406a65f6efe9","reportUrl":"http://localhost:8080/job/Sanity%20Tests%20API/1/allure/#testresult/35cb406a65f6efe9","status":"broken","statusDetails":"Connection refused: connect","time":{"start":1675707474422,"stop":1675707478532,"duration":4110}}]},"tags":[]},"source":"e9a565a3323dee5c.json","parameterValues":["api"]}