{"uid":"f34858b82a29a5e6","name":"Test 04: Delete Student And Verify","fullName":"sanity.StudentListAPI.test04_deleteStudentAndVerify","historyId":"aa6e02405f5101462bc9fffeac0ae946","time":{"start":1676747198640,"stop":1676747198805,"duration":165},"description":"This Test Deletes a Student from StudentsList and Verify it","descriptionHtml":"<p>This Test Deletes a Student from StudentsList and Verify it</p>\n","status":"failed","statusMessage":"expected [Murphy] but found [New]","statusTrace":"java.lang.AssertionError: expected [Murphy] but found [New]\r\n\tat org.testng.Assert.fail(Assert.java:97)\r\n\tat org.testng.Assert.assertEqualsImpl(Assert.java:136)\r\n\tat org.testng.Assert.assertEquals(Assert.java:118)\r\n\tat org.testng.Assert.assertEquals(Assert.java:575)\r\n\tat org.testng.Assert.assertEquals(Assert.java:585)\r\n\tat extensions.Verifications.verifyText(Verifications.java:78)\r\n\tat sanity.StudentListAPI.test04_deleteStudentAndVerify(StudentListAPI.java:45)\r\n\tat sun.reflect.NativeMethodAccessorImpl.invoke0(Native Method)\r\n\tat sun.reflect.NativeMethodAccessorImpl.invoke(NativeMethodAccessorImpl.java:62)\r\n\tat sun.reflect.DelegatingMethodAccessorImpl.invoke(DelegatingMethodAccessorImpl.java:43)\r\n\tat java.lang.reflect.Method.invoke(Method.java:498)\r\n\tat org.testng.internal.MethodInvocationHelper.invokeMethod(MethodInvocationHelper.java:133)\r\n\tat org.testng.internal.TestInvoker.invokeMethod(TestInvoker.java:584)\r\n\tat org.testng.internal.TestInvoker.invokeTestMethod(TestInvoker.java:172)\r\n\tat org.testng.internal.MethodRunner.runInSequence(MethodRunner.java:46)\r\n\tat org.testng.internal.TestInvoker$MethodInvocationAgent.invoke(TestInvoker.java:804)\r\n\tat org.testng.internal.TestInvoker.invokeTestMethods(TestInvoker.java:145)\r\n\tat org.testng.internal.TestMethodWorker.invokeTestMethods(TestMethodWorker.java:146)\r\n\tat org.testng.internal.TestMethodWorker.run(TestMethodWorker.java:128)\r\n\tat java.util.ArrayList.forEach(ArrayList.java:1257)\r\n\tat org.testng.TestRunner.privateRun(TestRunner.java:770)\r\n\tat org.testng.TestRunner.run(TestRunner.java:591)\r\n\tat org.testng.SuiteRunner.runTest(SuiteRunner.java:402)\r\n\tat org.testng.SuiteRunner.runSequentially(SuiteRunner.java:396)\r\n\tat org.testng.SuiteRunner.privateRun(SuiteRunner.java:355)\r\n\tat org.testng.SuiteRunner.run(SuiteRunner.java:304)\r\n\tat org.testng.SuiteRunnerWorker.runSuite(SuiteRunnerWorker.java:53)\r\n\tat org.testng.SuiteRunnerWorker.run(SuiteRunnerWorker.java:96)\r\n\tat org.testng.TestNG.runSuitesSequentially(TestNG.java:1180)\r\n\tat org.testng.TestNG.runSuitesLocally(TestNG.java:1102)\r\n\tat org.testng.TestNG.runSuites(TestNG.java:1032)\r\n\tat org.testng.TestNG.run(TestNG.java:1000)\r\n\tat org.apache.maven.surefire.testng.TestNGExecutor.run(TestNGExecutor.java:283)\r\n\tat org.apache.maven.surefire.testng.TestNGXmlTestSuite.execute(TestNGXmlTestSuite.java:75)\r\n\tat org.apache.maven.surefire.testng.TestNGProvider.invoke(TestNGProvider.java:120)\r\n\tat org.apache.maven.surefire.booter.ForkedBooter.invokeProviderInSameClassLoader(ForkedBooter.java:384)\r\n\tat org.apache.maven.surefire.booter.ForkedBooter.runSuitesInProcess(ForkedBooter.java:345)\r\n\tat org.apache.maven.surefire.booter.ForkedBooter.execute(ForkedBooter.java:126)\r\n\tat org.apache.maven.surefire.booter.ForkedBooter.main(ForkedBooter.java:418)\r\n","flaky":false,"newFailed":true,"newBroken":false,"newPassed":false,"retriesCount":0,"retriesStatusChange":false,"beforeStages":[{"name":"startSession","time":{"start":1676747180097,"stop":1676747193937,"duration":13840},"description":"","status":"passed","steps":[],"attachments":[],"parameters":[],"stepsCount":0,"hasContent":false,"shouldDisplayMessage":false,"attachmentsCount":0},{"name":"beforeMethod","time":{"start":1676747198634,"stop":1676747198634,"duration":0},"description":"","status":"passed","steps":[],"attachments":[],"parameters":[],"stepsCount":0,"hasContent":false,"shouldDisplayMessage":false,"attachmentsCount":0}],"testStage":{"description":"This Test Deletes a Student from StudentsList and Verify it","status":"failed","statusMessage":"expected [Murphy] but found [New]","statusTrace":"java.lang.AssertionError: expected [Murphy] but found [New]\r\n\tat org.testng.Assert.fail(Assert.java:97)\r\n\tat org.testng.Assert.assertEqualsImpl(Assert.java:136)\r\n\tat org.testng.Assert.assertEquals(Assert.java:118)\r\n\tat org.testng.Assert.assertEquals(Assert.java:575)\r\n\tat org.testng.Assert.assertEquals(Assert.java:585)\r\n\tat extensions.Verifications.verifyText(Verifications.java:78)\r\n\tat sanity.StudentListAPI.test04_deleteStudentAndVerify(StudentListAPI.java:45)\r\n\tat sun.reflect.NativeMethodAccessorImpl.invoke0(Native Method)\r\n\tat sun.reflect.NativeMethodAccessorImpl.invoke(NativeMethodAccessorImpl.java:62)\r\n\tat sun.reflect.DelegatingMethodAccessorImpl.invoke(DelegatingMethodAccessorImpl.java:43)\r\n\tat java.lang.reflect.Method.invoke(Method.java:498)\r\n\tat org.testng.internal.MethodInvocationHelper.invokeMethod(MethodInvocationHelper.java:133)\r\n\tat org.testng.internal.TestInvoker.invokeMethod(TestInvoker.java:584)\r\n\tat org.testng.internal.TestInvoker.invokeTestMethod(TestInvoker.java:172)\r\n\tat org.testng.internal.MethodRunner.runInSequence(MethodRunner.java:46)\r\n\tat org.testng.internal.TestInvoker$MethodInvocationAgent.invoke(TestInvoker.java:804)\r\n\tat org.testng.internal.TestInvoker.invokeTestMethods(TestInvoker.java:145)\r\n\tat org.testng.internal.TestMethodWorker.invokeTestMethods(TestMethodWorker.java:146)\r\n\tat org.testng.internal.TestMethodWorker.run(TestMethodWorker.java:128)\r\n\tat java.util.ArrayList.forEach(ArrayList.java:1257)\r\n\tat org.testng.TestRunner.privateRun(TestRunner.java:770)\r\n\tat org.testng.TestRunner.run(TestRunner.java:591)\r\n\tat org.testng.SuiteRunner.runTest(SuiteRunner.java:402)\r\n\tat org.testng.SuiteRunner.runSequentially(SuiteRunner.java:396)\r\n\tat org.testng.SuiteRunner.privateRun(SuiteRunner.java:355)\r\n\tat org.testng.SuiteRunner.run(SuiteRunner.java:304)\r\n\tat org.testng.SuiteRunnerWorker.runSuite(SuiteRunnerWorker.java:53)\r\n\tat org.testng.SuiteRunnerWorker.run(SuiteRunnerWorker.java:96)\r\n\tat org.testng.TestNG.runSuitesSequentially(TestNG.java:1180)\r\n\tat org.testng.TestNG.runSuitesLocally(TestNG.java:1102)\r\n\tat org.testng.TestNG.runSuites(TestNG.java:1032)\r\n\tat org.testng.TestNG.run(TestNG.java:1000)\r\n\tat org.apache.maven.surefire.testng.TestNGExecutor.run(TestNGExecutor.java:283)\r\n\tat org.apache.maven.surefire.testng.TestNGXmlTestSuite.execute(TestNGXmlTestSuite.java:75)\r\n\tat org.apache.maven.surefire.testng.TestNGProvider.invoke(TestNGProvider.java:120)\r\n\tat org.apache.maven.surefire.booter.ForkedBooter.invokeProviderInSameClassLoader(ForkedBooter.java:384)\r\n\tat org.apache.maven.surefire.booter.ForkedBooter.runSuitesInProcess(ForkedBooter.java:345)\r\n\tat org.apache.maven.surefire.booter.ForkedBooter.execute(ForkedBooter.java:126)\r\n\tat org.apache.maven.surefire.booter.ForkedBooter.main(ForkedBooter.java:418)\r\n","steps":[{"name":"Business Flow: Get Students Property","time":{"start":1676747198640,"stop":1676747198711,"duration":71},"status":"passed","steps":[{"name":"Get Data From Server","time":{"start":1676747198642,"stop":1676747198676,"duration":34},"status":"passed","steps":[],"attachments":[],"parameters":[{"name":"paramValues","value":"/student/list"}],"stepsCount":0,"hasContent":true,"shouldDisplayMessage":false,"attachmentsCount":0},{"name":"Extract Value From JSON Format","time":{"start":1676747198676,"stop":1676747198711,"duration":35},"status":"passed","steps":[],"attachments":[],"parameters":[{"name":"response","value":"io.restassured.internal.RestAssuredResponseImpl@23d978b"},{"name":"path","value":"[0].id"}],"stepsCount":0,"hasContent":true,"shouldDisplayMessage":false,"attachmentsCount":0}],"attachments":[],"parameters":[{"name":"jPath","value":"[0].id"}],"stepsCount":2,"hasContent":true,"shouldDisplayMessage":false,"attachmentsCount":0},{"name":"Business Flow: Delete Existing Student from StudentsList","time":{"start":1676747198711,"stop":1676747198732,"duration":21},"status":"passed","steps":[{"name":"Delete Data from Server","time":{"start":1676747198712,"stop":1676747198732,"duration":20},"status":"passed","steps":[],"attachments":[],"parameters":[{"name":"id","value":"2"}],"stepsCount":0,"hasContent":true,"shouldDisplayMessage":false,"attachmentsCount":0}],"attachments":[],"parameters":[{"name":"id","value":"2"}],"stepsCount":1,"hasContent":true,"shouldDisplayMessage":false,"attachmentsCount":0},{"name":"Business Flow: Get Students Property","time":{"start":1676747198732,"stop":1676747198804,"duration":72},"status":"passed","steps":[{"name":"Get Data From Server","time":{"start":1676747198732,"stop":1676747198778,"duration":46},"status":"passed","steps":[],"attachments":[],"parameters":[{"name":"paramValues","value":"/student/list"}],"stepsCount":0,"hasContent":true,"shouldDisplayMessage":false,"attachmentsCount":0},{"name":"Extract Value From JSON Format","time":{"start":1676747198778,"stop":1676747198804,"duration":26},"status":"passed","steps":[],"attachments":[],"parameters":[{"name":"response","value":"io.restassured.internal.RestAssuredResponseImpl@5dba3fdc"},{"name":"path","value":"[0].firstName"}],"stepsCount":0,"hasContent":true,"shouldDisplayMessage":false,"attachmentsCount":0}],"attachments":[],"parameters":[{"name":"jPath","value":"[0].firstName"}],"stepsCount":2,"hasContent":true,"shouldDisplayMessage":false,"attachmentsCount":0},{"name":"Verify Text with Text","time":{"start":1676747198804,"stop":1676747198805,"duration":1},"status":"failed","statusMessage":"expected [Murphy] but found [New]","statusTrace":"java.lang.AssertionError: expected [Murphy] but found [New]\r\n\tat org.testng.Assert.fail(Assert.java:97)\r\n\tat org.testng.Assert.assertEqualsImpl(Assert.java:136)\r\n\tat org.testng.Assert.assertEquals(Assert.java:118)\r\n\tat org.testng.Assert.assertEquals(Assert.java:575)\r\n\tat org.testng.Assert.assertEquals(Assert.java:585)\r\n\tat extensions.Verifications.verifyText(Verifications.java:78)\r\n\tat sanity.StudentListAPI.test04_deleteStudentAndVerify(StudentListAPI.java:45)\r\n\tat sun.reflect.NativeMethodAccessorImpl.invoke0(Native Method)\r\n\tat sun.reflect.NativeMethodAccessorImpl.invoke(NativeMethodAccessorImpl.java:62)\r\n\tat sun.reflect.DelegatingMethodAccessorImpl.invoke(DelegatingMethodAccessorImpl.java:43)\r\n\tat java.lang.reflect.Method.invoke(Method.java:498)\r\n\tat org.testng.internal.MethodInvocationHelper.invokeMethod(MethodInvocationHelper.java:133)\r\n\tat org.testng.internal.TestInvoker.invokeMethod(TestInvoker.java:584)\r\n\tat org.testng.internal.TestInvoker.invokeTestMethod(TestInvoker.java:172)\r\n\tat org.testng.internal.MethodRunner.runInSequence(MethodRunner.java:46)\r\n\tat org.testng.internal.TestInvoker$MethodInvocationAgent.invoke(TestInvoker.java:804)\r\n\tat org.testng.internal.TestInvoker.invokeTestMethods(TestInvoker.java:145)\r\n\tat org.testng.internal.TestMethodWorker.invokeTestMethods(TestMethodWorker.java:146)\r\n\tat org.testng.internal.TestMethodWorker.run(TestMethodWorker.java:128)\r\n\tat java.util.ArrayList.forEach(ArrayList.java:1257)\r\n\tat org.testng.TestRunner.privateRun(TestRunner.java:770)\r\n\tat org.testng.TestRunner.run(TestRunner.java:591)\r\n\tat org.testng.SuiteRunner.runTest(SuiteRunner.java:402)\r\n\tat org.testng.SuiteRunner.runSequentially(SuiteRunner.java:396)\r\n\tat org.testng.SuiteRunner.privateRun(SuiteRunner.java:355)\r\n\tat org.testng.SuiteRunner.run(SuiteRunner.java:304)\r\n\tat org.testng.SuiteRunnerWorker.runSuite(SuiteRunnerWorker.java:53)\r\n\tat org.testng.SuiteRunnerWorker.run(SuiteRunnerWorker.java:96)\r\n\tat org.testng.TestNG.runSuitesSequentially(TestNG.java:1180)\r\n\tat org.testng.TestNG.runSuitesLocally(TestNG.java:1102)\r\n\tat org.testng.TestNG.runSuites(TestNG.java:1032)\r\n\tat org.testng.TestNG.run(TestNG.java:1000)\r\n\tat org.apache.maven.surefire.testng.TestNGExecutor.run(TestNGExecutor.java:283)\r\n\tat org.apache.maven.surefire.testng.TestNGXmlTestSuite.execute(TestNGXmlTestSuite.java:75)\r\n\tat org.apache.maven.surefire.testng.TestNGProvider.invoke(TestNGProvider.java:120)\r\n\tat org.apache.maven.surefire.booter.ForkedBooter.invokeProviderInSameClassLoader(ForkedBooter.java:384)\r\n\tat org.apache.maven.surefire.booter.ForkedBooter.runSuitesInProcess(ForkedBooter.java:345)\r\n\tat org.apache.maven.surefire.booter.ForkedBooter.execute(ForkedBooter.java:126)\r\n\tat org.apache.maven.surefire.booter.ForkedBooter.main(ForkedBooter.java:418)\r\n","steps":[],"attachments":[],"parameters":[{"name":"actual","value":"New"},{"name":"expected","value":"Murphy"}],"stepsCount":0,"hasContent":true,"shouldDisplayMessage":true,"attachmentsCount":0}],"attachments":[],"parameters":[],"stepsCount":9,"hasContent":true,"shouldDisplayMessage":false,"attachmentsCount":0},"afterStages":[{"name":"afterMethod","time":{"start":1676747198810,"stop":1676747198810,"duration":0},"description":"","status":"passed","steps":[],"attachments":[],"parameters":[],"stepsCount":0,"hasContent":false,"shouldDisplayMessage":false,"attachmentsCount":0},{"name":"closeSession","time":{"start":1676747198814,"stop":1676747198824,"duration":10},"description":"","status":"passed","steps":[],"attachments":[],"parameters":[],"stepsCount":0,"hasContent":false,"shouldDisplayMessage":false,"attachmentsCount":0}],"labels":[{"name":"package","value":"sanity.StudentListAPI"},{"name":"testClass","value":"sanity.StudentListAPI"},{"name":"testMethod","value":"test04_deleteStudentAndVerify"},{"name":"parentSuite","value":"Web Suite"},{"name":"suite","value":"Web Tests"},{"name":"subSuite","value":"sanity.StudentListAPI"},{"name":"host","value":"DESKTOP-NGJMG1T"},{"name":"thread","value":"9888@DESKTOP-NGJMG1T.main(1)"},{"name":"framework","value":"testng"},{"name":"language","value":"java"},{"name":"resultFormat","value":"allure2"}],"parameters":[{"name":"PlatformName","value":"api"}],"links":[],"hidden":false,"retry":false,"extra":{"severity":"normal","retries":[],"categories":[{"name":"Product defects","matchedStatuses":[],"flaky":false}],"history":{"statistic":{"failed":1,"broken":5,"skipped":0,"passed":1,"unknown":0,"total":7},"items":[{"uid":"2da3135aa885e99e","reportUrl":"http://localhost:8080/job/Sanity%20Tests%20API/6/allure/#testresult/2da3135aa885e99e","status":"passed","time":{"start":1676741294161,"stop":1676741294593,"duration":432}},{"uid":"ad428e5a11e42031","reportUrl":"http://localhost:8080/job/Sanity%20Tests%20API/5/allure/#testresult/ad428e5a11e42031","status":"broken","statusDetails":"Failed to parse the JSON document","time":{"start":1676740714174,"stop":1676740714192,"duration":18}},{"uid":"82da73bde9fdb24a","reportUrl":"http://localhost:8080/job/Sanity%20Tests%20API/4/allure/#testresult/82da73bde9fdb24a","status":"broken","statusDetails":"Failed to parse the JSON document","time":{"start":1676740540325,"stop":1676740540341,"duration":16}},{"uid":"7307188e6d2447da","reportUrl":"http://localhost:8080/job/Sanity%20Tests%20API/3/allure/#testresult/7307188e6d2447da","status":"broken","statusDetails":"Connection refused: connect","time":{"start":1676213340606,"stop":1676213344659,"duration":4053}},{"uid":"8d302037d6fddc51","reportUrl":"http://localhost:8080/job/Sanity%20Tests%20API/2/allure/#testresult/8d302037d6fddc51","status":"broken","statusDetails":"Connection refused: connect","time":{"start":1675707728429,"stop":1675707732524,"duration":4095}},{"uid":"fa90310c5c8e9602","reportUrl":"http://localhost:8080/job/Sanity%20Tests%20API/1/allure/#testresult/fa90310c5c8e9602","status":"broken","statusDetails":"Connection refused: connect","time":{"start":1675707478545,"stop":1675707482635,"duration":4090}}]},"tags":[]},"source":"f34858b82a29a5e6.json","parameterValues":["api"]}